TN:
SF:index.js
FN:25,(anonymous_0)
FN:316,(anonymous_1)
FNF:2
FNH:2
FNDA:1,(anonymous_0)
FNDA:1,(anonymous_1)
DA:1,1
DA:2,1
DA:3,1
DA:4,1
DA:5,1
DA:6,1
DA:7,1
DA:17,1
DA:20,1
DA:22,1
DA:23,1
DA:24,1
DA:25,1
DA:27,1
DA:29,1
DA:31,1
DA:38,1
DA:41,1
DA:59,1
DA:60,1
DA:64,1
DA:155,1
DA:178,1
DA:198,1
DA:212,1
DA:227,1
DA:240,1
DA:262,1
DA:284,1
DA:307,1
DA:315,1
DA:316,1
DA:318,1
DA:341,1
LF:34
LH:34
BRF:0
BRH:0
end_of_record
TN:
SF:models\cart.js
FNF:0
FNH:0
DA:2,1
DA:5,1
DA:32,1
LF:3
LH:3
BRF:0
BRH:0
end_of_record
TN:
SF:models\category.js
FNF:0
FNH:0
DA:2,1
DA:5,1
DA:21,1
LF:3
LH:3
BRF:0
BRH:0
end_of_record
TN:
SF:models\mainCategory.js
FNF:0
FNH:0
DA:2,1
DA:5,1
DA:16,1
LF:3
LH:3
BRF:0
BRH:0
end_of_record
TN:
SF:models\product.js
FNF:0
FNH:0
DA:1,1
DA:4,1
DA:38,1
LF:3
LH:3
BRF:0
BRH:0
end_of_record
TN:
SF:routes\api.js
FN:10,(anonymous_0)
FN:14,(anonymous_1)
FN:34,(anonymous_2)
FN:38,(anonymous_3)
FN:50,(anonymous_4)
FN:52,(anonymous_5)
FN:59,(anonymous_6)
FN:61,(anonymous_7)
FN:68,(anonymous_8)
FN:71,(anonymous_9)
FN:80,(anonymous_10)
FN:93,(anonymous_11)
FN:97,(anonymous_12)
FN:109,(anonymous_13)
FN:113,(anonymous_14)
FN:126,(anonymous_15)
FN:128,(anonymous_16)
FN:135,(anonymous_17)
FN:137,(anonymous_18)
FN:143,(anonymous_19)
FN:146,(anonymous_20)
FN:155,(anonymous_21)
FN:165,(anonymous_22)
FN:167,(anonymous_23)
FN:187,(anonymous_24)
FN:191,(anonymous_25)
FN:204,(anonymous_26)
FN:208,(anonymous_27)
FN:220,(anonymous_28)
FN:222,(anonymous_29)
FN:232,(anonymous_30)
FN:241,(anonymous_31)
FN:244,(anonymous_32)
FN:246,(anonymous_33)
FN:255,(anonymous_34)
FN:257,(anonymous_35)
FN:264,(anonymous_36)
FN:267,(anonymous_37)
FN:276,(anonymous_38)
FN:285,(anonymous_39)
FN:288,(anonymous_40)
FN:297,(anonymous_41)
FN:308,(anonymous_42)
FN:312,(anonymous_43)
FN:313,(anonymous_44)
FN:316,(anonymous_45)
FN:318,(anonymous_46)
FN:331,(anonymous_47)
FN:335,(anonymous_48)
FN:347,(anonymous_49)
FN:349,(anonymous_50)
FN:358,(anonymous_51)
FN:367,(anonymous_52)
FN:370,(anonymous_53)
FN:371,(anonymous_54)
FN:375,(anonymous_55)
FN:378,(anonymous_56)
FN:387,(anonymous_57)
FN:404,(anonymous_58)
FN:407,(anonymous_59)
FN:443,(anonymous_60)
FN:446,(anonymous_61)
FN:447,(anonymous_62)
FN:451,(anonymous_63)
FN:454,(anonymous_64)
FN:455,(anonymous_65)
FNF:66
FNH:32
FNDA:1,(anonymous_0)
FNDA:1,(anonymous_1)
FNDA:2,(anonymous_2)
FNDA:2,(anonymous_3)
FNDA:1,(anonymous_4)
FNDA:1,(anonymous_5)
FNDA:1,(anonymous_6)
FNDA:1,(anonymous_7)
FNDA:0,(anonymous_8)
FNDA:0,(anonymous_9)
FNDA:0,(anonymous_10)
FNDA:1,(anonymous_11)
FNDA:1,(anonymous_12)
FNDA:2,(anonymous_13)
FNDA:2,(anonymous_14)
FNDA:1,(anonymous_15)
FNDA:1,(anonymous_16)
FNDA:1,(anonymous_17)
FNDA:1,(anonymous_18)
FNDA:0,(anonymous_19)
FNDA:0,(anonymous_20)
FNDA:0,(anonymous_21)
FNDA:0,(anonymous_22)
FNDA:0,(anonymous_23)
FNDA:1,(anonymous_24)
FNDA:1,(anonymous_25)
FNDA:2,(anonymous_26)
FNDA:2,(anonymous_27)
FNDA:0,(anonymous_28)
FNDA:0,(anonymous_29)
FNDA:0,(anonymous_30)
FNDA:0,(anonymous_31)
FNDA:0,(anonymous_32)
FNDA:0,(anonymous_33)
FNDA:1,(anonymous_34)
FNDA:1,(anonymous_35)
FNDA:0,(anonymous_36)
FNDA:0,(anonymous_37)
FNDA:0,(anonymous_38)
FNDA:1,(anonymous_39)
FNDA:1,(anonymous_40)
FNDA:0,(anonymous_41)
FNDA:0,(anonymous_42)
FNDA:0,(anonymous_43)
FNDA:0,(anonymous_44)
FNDA:0,(anonymous_45)
FNDA:0,(anonymous_46)
FNDA:1,(anonymous_47)
FNDA:1,(anonymous_48)
FNDA:1,(anonymous_49)
FNDA:1,(anonymous_50)
FNDA:0,(anonymous_51)
FNDA:0,(anonymous_52)
FNDA:0,(anonymous_53)
FNDA:0,(anonymous_54)
FNDA:0,(anonymous_55)
FNDA:0,(anonymous_56)
FNDA:0,(anonymous_57)
FNDA:0,(anonymous_58)
FNDA:0,(anonymous_59)
FNDA:1,(anonymous_60)
FNDA:1,(anonymous_61)
FNDA:0,(anonymous_62)
FNDA:1,(anonymous_63)
FNDA:1,(anonymous_64)
FNDA:0,(anonymous_65)
DA:1,1
DA:3,1
DA:4,1
DA:5,1
DA:10,1
DA:12,1
DA:13,1
DA:16,1
DA:18,0
DA:20,1
DA:21,1
DA:34,1
DA:36,2
DA:37,2
DA:40,2
DA:42,0
DA:44,2
DA:45,2
DA:50,1
DA:52,1
DA:54,1
DA:59,1
DA:61,1
DA:63,1
DA:68,1
DA:70,0
DA:72,0
DA:74,0
DA:78,0
DA:81,0
DA:83,0
DA:93,1
DA:95,1
DA:96,1
DA:99,1
DA:101,0
DA:103,1
DA:104,1
DA:109,1
DA:111,2
DA:112,2
DA:115,2
DA:117,0
DA:119,2
DA:120,2
DA:126,1
DA:128,1
DA:130,1
DA:135,1
DA:137,1
DA:139,1
DA:143,1
DA:145,0
DA:147,0
DA:149,0
DA:153,0
DA:156,0
DA:158,0
DA:165,1
DA:167,0
DA:169,0
DA:184,1
DA:187,1
DA:189,1
DA:190,1
DA:193,1
DA:195,0
DA:197,1
DA:198,1
DA:204,1
DA:206,2
DA:207,2
DA:210,2
DA:212,0
DA:214,2
DA:215,2
DA:220,1
DA:222,0
DA:223,0
DA:226,0
DA:230,0
DA:233,0
DA:235,0
DA:241,1
DA:243,0
DA:244,0
DA:246,0
DA:248,0
DA:249,0
DA:255,1
DA:257,1
DA:259,1
DA:264,1
DA:266,0
DA:268,0
DA:270,0
DA:274,0
DA:277,0
DA:279,0
DA:285,1
DA:287,1
DA:289,1
DA:291,0
DA:295,1
DA:298,0
DA:300,0
DA:306,1
DA:308,1
DA:310,0
DA:312,0
DA:313,0
DA:316,1
DA:318,0
DA:320,0
DA:331,1
DA:333,1
DA:334,1
DA:337,1
DA:339,0
DA:341,1
DA:342,1
DA:347,1
DA:349,1
DA:350,1
DA:352,1
DA:356,0
DA:359,0
DA:361,0
DA:367,1
DA:369,0
DA:370,0
DA:371,0
DA:375,1
DA:377,0
DA:379,0
DA:381,0
DA:385,0
DA:388,0
DA:390,0
DA:404,1
DA:406,0
DA:407,0
DA:409,0
DA:410,0
DA:443,1
DA:445,1
DA:446,1
DA:447,0
DA:451,1
DA:453,1
DA:454,1
DA:455,0
DA:469,1
LF:153
LH:89
BRDA:16,0,0,0
BRDA:16,0,1,1
BRDA:40,1,0,0
BRDA:40,1,1,2
BRDA:72,2,0,0
BRDA:72,2,1,0
BRDA:81,3,0,0
BRDA:81,3,1,0
BRDA:99,4,0,0
BRDA:99,4,1,1
BRDA:115,5,0,0
BRDA:115,5,1,2
BRDA:147,6,0,0
BRDA:147,6,1,0
BRDA:156,7,0,0
BRDA:156,7,1,0
BRDA:193,8,0,0
BRDA:193,8,1,1
BRDA:210,9,0,0
BRDA:210,9,1,2
BRDA:223,10,0,0
BRDA:223,10,1,0
BRDA:233,11,0,0
BRDA:233,11,1,0
BRDA:268,12,0,0
BRDA:268,12,1,0
BRDA:277,13,0,0
BRDA:277,13,1,0
BRDA:289,14,0,0
BRDA:289,14,1,1
BRDA:298,15,0,0
BRDA:298,15,1,0
BRDA:337,16,0,0
BRDA:337,16,1,1
BRDA:350,17,0,1
BRDA:350,17,1,0
BRDA:359,18,0,0
BRDA:359,18,1,0
BRDA:379,19,0,0
BRDA:379,19,1,0
BRDA:388,20,0,0
BRDA:388,20,1,0
BRF:42
BRH:9
end_of_record
